Arguments: 
  /usr/bin/node /usr/local/bin/yarn start

PATH: 
  /usr/local/sbin:/usr/local/bin:/usr/sbin:/usr/bin:/sbin:/bin:/usr/games:/usr/local/games:/snap/bin

Yarn version: 
  1.22.19

Node version: 
  12.22.9

Platform: 
  linux x64

Trace: 
  SyntaxError: /home/tylertex10/repos/auto-changelog/package.json: Unexpected string in JSON at position 212
      at JSON.parse (<anonymous>)
      at /usr/local/lib/node_modules/yarn/lib/cli.js:1629:59
      at Generator.next (<anonymous>)
      at step (/usr/local/lib/node_modules/yarn/lib/cli.js:310:30)
      at /usr/local/lib/node_modules/yarn/lib/cli.js:321:13

npm manifest: 
  {
    "name": "auto-changelog",
    "version": "1.0.0",
    "main": "index.js",
    "repository": "git@github.com:Badfish12345/auto-changelog.git",
    "author": "Badfish12345 <tvanzile38@gmail.com>",
    "license": "MIT"
    "scripts": {
      "start": "node index.js",
      "release": "standard-version"
    },
    "devDependencies": {
      "standard-version": "^9.0.0"
    }
  }

yarn manifest: 
  No manifest

Lockfile: 
  No lockfile
